<?xml version="1.0" encoding="UTF-8"?>
<!-- Generated by org.testng.reporters.JUnitXMLReporter -->
<testsuite ignored="2" hostname="Vishnu" failures="0" tests="2" name="Test" time="17.375" errors="0" timestamp="2023-08-01T20:45:46 IST">
  <testcase classname="GenericUtilities.BaseClass" name="@AfterMethod amConfig" time="0.02">
    <failure type="java.lang.NullPointerException" message="Cannot invoke &amp;quot;org.openqa.selenium.SearchContext.findElement(org.openqa.selenium.By)&amp;quot; because &amp;quot;this.searchContext&amp;quot; is null">
      <![CDATA[java.lang.NullPointerException: Cannot invoke "org.openqa.selenium.SearchContext.findElement(org.openqa.selenium.By)" because "this.searchContext" is null
at org.openqa.selenium.support.pagefactory.DefaultElementLocator.findElement(DefaultElementLocator.java:70)
at org.openqa.selenium.support.pagefactory.internal.LocatingElementHandler.invoke(LocatingElementHandler.java:39)
at jdk.proxy2/jdk.proxy2.$Proxy23.click(Unknown Source)
at ObjectRepositoryPOM.HomePage.logOut(HomePage.java:101)
at GenericUtilities.BaseClass.amConfig(BaseClass.java:108)
at java.base/java.util.ArrayList.forEach(ArrayList.java:1511)
... Removed 30 stack frames]]>
    </failure>
  </testcase> <!-- @AfterMethod amConfig -->
  <testcase classname="GenericUtilities.BaseClass" name="@AfterMethod amConfig" time="0.002">
    <failure type="java.lang.NullPointerException" message="Cannot invoke &amp;quot;org.openqa.selenium.SearchContext.findElement(org.openqa.selenium.By)&amp;quot; because &amp;quot;this.searchContext&amp;quot; is null">
      <![CDATA[java.lang.NullPointerException: Cannot invoke "org.openqa.selenium.SearchContext.findElement(org.openqa.selenium.By)" because "this.searchContext" is null
at org.openqa.selenium.support.pagefactory.DefaultElementLocator.findElement(DefaultElementLocator.java:70)
at org.openqa.selenium.support.pagefactory.internal.LocatingElementHandler.invoke(LocatingElementHandler.java:39)
at jdk.proxy2/jdk.proxy2.$Proxy23.click(Unknown Source)
at ObjectRepositoryPOM.HomePage.logOut(HomePage.java:101)
at GenericUtilities.BaseClass.amConfig(BaseClass.java:108)
at java.base/java.util.ArrayList.forEach(ArrayList.java:1511)
... Removed 30 stack frames]]>
    </failure>
  </testcase> <!-- @AfterMethod amConfig -->
  <testcase classname="vtiger.OrganizationTests.CreateOrgWithIndustryUsingDDT_GU" name="createOrgWithIndustry" time="17.138"/>
  <testcase classname="vtiger.OrganizationTests.CreateOrgWithIndustryUsingDDT_GU" name="sample" time="0.0">
    <skipped/>
  </testcase> <!-- sample -->
  <testcase classname="vtiger.OrganizationTests.CreateContactWithOrganizationTest" name="demoTest" time="0.0">
    <ignored/>
  </testcase> <!-- demoTest -->
  <testcase classname="vtiger.OrganizationTests.CreateContactWithOrganizationTest" name="createContactWithOrganization" time="0.0">
    <ignored/>
  </testcase> <!-- createContactWithOrganization -->
</testsuite> <!-- Test -->
